{"timestamp": "2026-04-23T19:21:21.359989", "level": "INFO", "logger": "rag_system", "message": "{'method': 'GET', 'path': '/', 'status_code': 200, 'process_time_ms': 0.67}", "module": "monitoring", "function": "dispatch", "line": 18}
{"timestamp": "2026-04-23T19:21:55.398543", "level": "INFO", "logger": "rag_system", "message": "{'method': 'GET', 'path': '/', 'status_code': 200, 'process_time_ms': 0.77}", "module": "monitoring", "function": "dispatch", "line": 18}
{"timestamp": "2026-04-23T19:22:12.425314", "level": "INFO", "logger": "rag_system", "message": "{'method': 'GET', 'path': '/', 'status_code': 200, 'process_time_ms': 0.71}", "module": "monitoring", "function": "dispatch", "line": 18}
{"timestamp": "2026-04-23T19:22:30.334895", "level": "INFO", "logger": "rag_system", "message": "{'method': 'POST', 'path': '/api/auth/login', 'status_code': 401, 'process_time_ms': 5.01}", "module": "monitoring", "function": "dispatch", "line": 18}
{"timestamp": "2026-04-23T19:22:30.337450", "level": "INFO", "logger": "rag_system", "message": "{'method': 'GET', 'path': '/', 'status_code': 200, 'process_time_ms': 0.56}", "module": "monitoring", "function": "dispatch", "line": 18}
{"timestamp": "2026-04-23T19:46:16.991681", "level": "INFO", "logger": "rag_system", "message": "{'method': 'GET', 'path': '/', 'status_code': 200, 'process_time_ms': 8.03}", "module": "monitoring", "function": "dispatch", "line": 18}
{"timestamp": "2026-04-23T19:46:21.786444", "level": "INFO", "logger": "rag_system", "message": "{'method': 'GET', 'path': '/', 'status_code': 200, 'process_time_ms': 0.9}", "module": "monitoring", "function": "dispatch", "line": 18}
{"timestamp": "2026-04-23T19:46:25.506047", "level": "INFO", "logger": "rag_system", "message": "{'method': 'GET', 'path': '/docs', 'status_code': 200, 'process_time_ms': 3.44}", "module": "monitoring", "function": "dispatch", "line": 18}
{"timestamp": "2026-04-23T19:46:27.767894", "level": "INFO", "logger": "rag_system", "message": "{'method': 'GET', 'path': '/openapi.json', 'status_code': 200, 'process_time_ms': 36.04}", "module": "monitoring", "function": "dispatch", "line": 18}
{"timestamp": "2026-04-23T19:52:03.598585", "level": "INFO", "logger": "rag_system", "message": "Creating database tables...", "module": "main", "function": "lifespan", "line": 18}
{"timestamp": "2026-04-23T19:52:03.666019", "level": "INFO", "logger": "rag_system", "message": "Database tables created.", "module": "main", "function": "lifespan", "line": 20}
{"timestamp": "2026-04-23T19:52:05.468948", "level": "INFO", "logger": "rag_system", "message": "Creating database tables...", "module": "main", "function": "lifespan", "line": 18}
{"timestamp": "2026-04-23T19:52:05.481266", "level": "INFO", "logger": "rag_system", "message": "Database tables created.", "module": "main", "function": "lifespan", "line": 20}
{"timestamp": "2026-04-23T19:54:06.994904", "level": "INFO", "logger": "rag_system", "message": "{'method': 'GET', 'path': '/', 'status_code': 200, 'process_time_ms': 28.18}", "module": "monitoring", "function": "dispatch", "line": 18}
{"timestamp": "2026-04-23T19:54:11.213220", "level": "INFO", "logger": "rag_system", "message": "{'method': 'GET', 'path': '/docs', 'status_code': 200, 'process_time_ms': 0.68}", "module": "monitoring", "function": "dispatch", "line": 18}
{"timestamp": "2026-04-23T19:54:11.668719", "level": "INFO", "logger": "rag_system", "message": "{'method': 'GET', 'path': '/openapi.json', 'status_code': 200, 'process_time_ms': 27.38}", "module": "monitoring", "function": "dispatch", "line": 18}
{"timestamp": "2026-04-23T19:55:01.998286", "level": "INFO", "logger": "rag_system", "message": "Creating database tables...", "module": "main", "function": "lifespan", "line": 18}
{"timestamp": "2026-04-23T19:55:02.015116", "level": "INFO", "logger": "rag_system", "message": "Database tables created.", "module": "main", "function": "lifespan", "line": 20}
{"timestamp": "2026-04-23T19:55:22.555682", "level": "INFO", "logger": "rag_system", "message": "Creating database tables...", "module": "main", "function": "lifespan", "line": 18}
{"timestamp": "2026-04-23T19:55:22.569915", "level": "INFO", "logger": "rag_system", "message": "Database tables created.", "module": "main", "function": "lifespan", "line": 20}
{"timestamp": "2026-04-23T20:07:00.335759", "level": "INFO", "logger": "rag_system", "message": "{'method': 'GET', 'path': '/', 'status_code': 200, 'process_time_ms': 4.24}", "module": "monitoring", "function": "dispatch", "line": 18}
{"timestamp": "2026-04-23T20:11:10.123209", "level": "INFO", "logger": "rag_system", "message": "Creating database tables...", "module": "main", "function": "lifespan", "line": 19}
{"timestamp": "2026-04-23T20:11:10.234978", "level": "INFO", "logger": "rag_system", "message": "Database tables created.", "module": "main", "function": "lifespan", "line": 21}
{"timestamp": "2026-04-23T20:12:56.281214", "level": "INFO", "logger": "rag_system", "message": "{'method': 'GET', 'path': '/', 'status_code': 200, 'process_time_ms': 6.86}", "module": "monitoring", "function": "dispatch", "line": 18}
{"timestamp": "2026-04-23T20:12:59.225559", "level": "INFO", "logger": "rag_system", "message": "{'method': 'GET', 'path': '/docs', 'status_code': 200, 'process_time_ms': 0.63}", "module": "monitoring", "function": "dispatch", "line": 18}
{"timestamp": "2026-04-23T20:12:59.684936", "level": "INFO", "logger": "rag_system", "message": "{'method': 'GET', 'path': '/openapi.json', 'status_code': 200, 'process_time_ms': 46.94}", "module": "monitoring", "function": "dispatch", "line": 18}
{"timestamp": "2026-04-24T05:13:24.670838", "level": "INFO", "logger": "rag_system", "message": "Creating database tables...", "module": "main", "function": "lifespan", "line": 19}
{"timestamp": "2026-04-24T05:13:24.707666", "level": "INFO", "logger": "rag_system", "message": "Database tables created.", "module": "main", "function": "lifespan", "line": 21}
{"timestamp": "2026-04-24T05:13:35.739678", "level": "INFO", "logger": "rag_system", "message": "Creating database tables...", "module": "main", "function": "lifespan", "line": 19}
{"timestamp": "2026-04-24T05:13:35.779678", "level": "INFO", "logger": "rag_system", "message": "Database tables created.", "module": "main", "function": "lifespan", "line": 21}
{"timestamp": "2026-04-24T05:14:15.829198", "level": "INFO", "logger": "rag_system", "message": "{'method': 'GET', 'path': '/', 'status_code': 200, 'process_time_ms': 0.96}", "module": "monitoring", "function": "dispatch", "line": 18}
{"timestamp": "2026-04-24T05:26:02.555018", "level": "INFO", "logger": "rag_system", "message": "Creating database tables...", "module": "main", "function": "lifespan", "line": 19}
{"timestamp": "2026-04-24T05:26:02.777365", "level": "INFO", "logger": "rag_system", "message": "Database tables created.", "module": "main", "function": "lifespan", "line": 21}
{"timestamp": "2026-04-24T05:28:04.419914", "level": "INFO", "logger": "rag_system", "message": "{'method': 'POST', 'path': '/api/auth/login', 'status_code': 422, 'process_time_ms': 36.06}", "module": "monitoring", "function": "dispatch", "line": 18}
{"timestamp": "2026-04-24T05:29:44.651351", "level": "INFO", "logger": "rag_system", "message": "Creating database tables...", "module": "main", "function": "lifespan", "line": 19}
{"timestamp": "2026-04-24T05:29:44.771396", "level": "INFO", "logger": "rag_system", "message": "Database tables created.", "module": "main", "function": "lifespan", "line": 21}
{"timestamp": "2026-04-24T05:30:06.398210", "level": "INFO", "logger": "rag_system", "message": "{'method': 'POST', 'path': '/api/auth/login', 'status_code': 401, 'process_time_ms': 63.53}", "module": "monitoring", "function": "dispatch", "line": 18}
{"timestamp": "2026-04-24T05:30:13.998033", "level": "INFO", "logger": "rag_system", "message": "{'method': 'POST', 'path': '/api/auth/login', 'status_code': 401, 'process_time_ms': 16.37}", "module": "monitoring", "function": "dispatch", "line": 18}
{"timestamp": "2026-04-24T05:30:15.067221", "level": "INFO", "logger": "rag_system", "message": "{'method': 'POST', 'path': '/api/auth/login', 'status_code': 401, 'process_time_ms': 2.33}", "module": "monitoring", "function": "dispatch", "line": 18}
{"timestamp": "2026-04-24T05:32:31.581398", "level": "INFO", "logger": "rag_system", "message": "Creating database tables...", "module": "main", "function": "lifespan", "line": 19}
{"timestamp": "2026-04-24T05:32:31.643198", "level": "INFO", "logger": "rag_system", "message": "Database tables created.", "module": "main", "function": "lifespan", "line": 21}
{"timestamp": "2026-04-24T05:33:06.913677", "level": "INFO", "logger": "rag_system", "message": "Creating database tables...", "module": "main", "function": "lifespan", "line": 19}
{"timestamp": "2026-04-24T05:33:07.022510", "level": "INFO", "logger": "rag_system", "message": "Database tables created.", "module": "main", "function": "lifespan", "line": 21}
{"timestamp": "2026-04-24T05:34:14.620991", "level": "INFO", "logger": "rag_system", "message": "{'method': 'POST', 'path': '/api/auth/register', 'status_code': 200, 'process_time_ms': 430.25}", "module": "monitoring", "function": "dispatch", "line": 18}
{"timestamp": "2026-04-24T05:34:28.092782", "level": "INFO", "logger": "rag_system", "message": "{'method': 'POST', 'path': '/api/auth/login', 'status_code': 200, 'process_time_ms': 422.29}", "module": "monitoring", "function": "dispatch", "line": 18}
{"timestamp": "2026-04-24T05:34:59.287512", "level": "INFO", "logger": "rag_system", "message": "{'method': 'POST', 'path': '/api/documents/upload', 'status_code': 200, 'process_time_ms': 2597.53}", "module": "monitoring", "function": "dispatch", "line": 18}
{"timestamp": "2026-04-24T05:39:22.247711", "level": "INFO", "logger": "rag_system", "message": "{'method': 'POST', 'path': '/api/chat/query', 'status_code': 200, 'process_time_ms': 803.83}", "module": "monitoring", "function": "dispatch", "line": 18}
{"timestamp": "2026-04-24T15:57:25.332483", "level": "INFO", "logger": "rag_system", "message": "Creating database tables...", "module": "main", "function": "lifespan", "line": 19}
{"timestamp": "2026-04-24T15:57:25.397546", "level": "INFO", "logger": "rag_system", "message": "Database tables created.", "module": "main", "function": "lifespan", "line": 21}
{"timestamp": "2026-04-24T15:57:28.322835", "level": "INFO", "logger": "rag_system", "message": "{'method': 'POST', 'path': '/api/auth/login', 'status_code': 401, 'process_time_ms': 241.14}", "module": "monitoring", "function": "dispatch", "line": 18}
{"timestamp": "2026-04-24T15:57:39.840847", "level": "INFO", "logger": "rag_system", "message": "{'method': 'POST', 'path': '/api/auth/login', 'status_code': 200, 'process_time_ms': 230.31}", "module": "monitoring", "function": "dispatch", "line": 18}
{"timestamp": "2026-04-24T15:57:53.657620", "level": "INFO", "logger": "rag_system", "message": "{'method': 'POST', 'path': '/api/documents/upload', 'status_code': 200, 'process_time_ms': 444.72}", "module": "monitoring", "function": "dispatch", "line": 18}
{"timestamp": "2026-04-24T15:58:22.489938", "level": "INFO", "logger": "rag_system", "message": "{'method': 'POST', 'path': '/api/chat/query', 'status_code': 200, 'process_time_ms': 3811.68}", "module": "monitoring", "function": "dispatch", "line": 18}
{"timestamp": "2026-04-24T16:58:59.911645", "level": "INFO", "logger": "rag_system", "message": "Creating database tables...", "module": "main", "function": "lifespan", "line": 19}
{"timestamp": "2026-04-24T16:58:59.973573", "level": "INFO", "logger": "rag_system", "message": "Database tables created.", "module": "main", "function": "lifespan", "line": 21}
{"timestamp": "2026-04-24T16:59:57.544937", "level": "INFO", "logger": "rag_system", "message": "{'method': 'POST', 'path': '/api/auth/login', 'status_code': 200, 'process_time_ms': 249.74}", "module": "monitoring", "function": "dispatch", "line": 18}
{"timestamp": "2026-04-24T17:00:11.013456", "level": "INFO", "logger": "rag_system", "message": "{'method': 'POST', 'path': '/api/documents/upload', 'status_code': 500, 'process_time_ms': 1021.12}", "module": "monitoring", "function": "dispatch", "line": 18}
{"timestamp": "2026-04-24T17:00:45.837227", "level": "INFO", "logger": "rag_system", "message": "Creating database tables...", "module": "main", "function": "lifespan", "line": 19}
{"timestamp": "2026-04-24T17:00:45.851986", "level": "INFO", "logger": "rag_system", "message": "Database tables created.", "module": "main", "function": "lifespan", "line": 21}
{"timestamp": "2026-04-24T17:02:20.892534", "level": "INFO", "logger": "rag_system", "message": "{'method': 'POST', 'path': '/api/auth/login', 'status_code': 200, 'process_time_ms': 244.82}", "module": "monitoring", "function": "dispatch", "line": 18}
{"timestamp": "2026-04-24T17:02:29.371221", "level": "INFO", "logger": "rag_system", "message": "{'method': 'POST', 'path': '/api/documents/upload', 'status_code': 500, 'process_time_ms': 466.66}", "module": "monitoring", "function": "dispatch", "line": 18}
{"timestamp": "2026-04-24T17:03:00.441109", "level": "INFO", "logger": "rag_system", "message": "Creating database tables...", "module": "main", "function": "lifespan", "line": 19}
{"timestamp": "2026-04-24T17:03:00.464636", "level": "INFO", "logger": "rag_system", "message": "Database tables created.", "module": "main", "function": "lifespan", "line": 21}
{"timestamp": "2026-04-24T17:03:29.345231", "level": "INFO", "logger": "rag_system", "message": "{'method': 'POST', 'path': '/api/documents/upload', 'status_code': 500, 'process_time_ms': 2464.35}", "module": "monitoring", "function": "dispatch", "line": 18}
{"timestamp": "2026-04-24T17:04:16.718118", "level": "INFO", "logger": "rag_system", "message": "{'method': 'POST', 'path': '/api/documents/upload', 'status_code': 200, 'process_time_ms': 2041.58}", "module": "monitoring", "function": "dispatch", "line": 18}
{"timestamp": "2026-04-24T17:04:32.375541", "level": "INFO", "logger": "rag_system", "message": "{'method': 'POST', 'path': '/api/chat/query', 'status_code': 200, 'process_time_ms': 806.99}", "module": "monitoring", "function": "dispatch", "line": 18}
{"timestamp": "2026-04-24T17:06:03.821869", "level": "INFO", "logger": "rag_system", "message": "Creating database tables...", "module": "main", "function": "lifespan", "line": 19}
{"timestamp": "2026-04-24T17:06:03.840969", "level": "INFO", "logger": "rag_system", "message": "Database tables created.", "module": "main", "function": "lifespan", "line": 21}
{"timestamp": "2026-04-24T17:06:24.919809", "level": "INFO", "logger": "rag_system", "message": "Creating database tables...", "module": "main", "function": "lifespan", "line": 19}
{"timestamp": "2026-04-24T17:06:24.938804", "level": "INFO", "logger": "rag_system", "message": "Database tables created.", "module": "main", "function": "lifespan", "line": 21}
{"timestamp": "2026-04-24T17:06:31.599374", "level": "INFO", "logger": "rag_system", "message": "Creating database tables...", "module": "main", "function": "lifespan", "line": 19}
{"timestamp": "2026-04-24T17:06:31.620183", "level": "INFO", "logger": "rag_system", "message": "Database tables created.", "module": "main", "function": "lifespan", "line": 21}
{"timestamp": "2026-04-24T17:13:21.724395", "level": "INFO", "logger": "rag_system", "message": "Creating database tables...", "module": "main", "function": "lifespan", "line": 19}
{"timestamp": "2026-04-24T17:13:21.740209", "level": "INFO", "logger": "rag_system", "message": "Database tables created.", "module": "main", "function": "lifespan", "line": 21}
{"timestamp": "2026-04-24T17:16:04.675918", "level": "INFO", "logger": "rag_system", "message": "Creating database tables...", "module": "main", "function": "lifespan", "line": 19}
{"timestamp": "2026-04-24T17:16:04.720024", "level": "INFO", "logger": "rag_system", "message": "Database tables created.", "module": "main", "function": "lifespan", "line": 21}
{"timestamp": "2026-04-24T17:17:38.008916", "level": "INFO", "logger": "rag_system", "message": "{'method': 'POST', 'path': '/api/auth/login', 'status_code': 200, 'process_time_ms': 240.41}", "module": "monitoring", "function": "dispatch", "line": 18}
{"timestamp": "2026-04-24T17:17:46.655727", "level": "INFO", "logger": "rag_system", "message": "{'method': 'POST', 'path': '/api/documents/upload', 'status_code': 200, 'process_time_ms': 2049.09}", "module": "monitoring", "function": "dispatch", "line": 18}
{"timestamp": "2026-04-24T17:17:55.751705", "level": "INFO", "logger": "rag_system", "message": "{'method': 'POST', 'path': '/api/chat/query', 'status_code': 200, 'process_time_ms': 1477.69}", "module": "monitoring", "function": "dispatch", "line": 18}
{"timestamp": "2026-04-24T17:18:44.183458", "level": "INFO", "logger": "rag_system", "message": "Creating database tables...", "module": "main", "function": "lifespan", "line": 19}
{"timestamp": "2026-04-24T17:18:44.198422", "level": "INFO", "logger": "rag_system", "message": "Database tables created.", "module": "main", "function": "lifespan", "line": 21}
{"timestamp": "2026-04-24T17:19:08.530883", "level": "INFO", "logger": "rag_system", "message": "Creating database tables...", "module": "main", "function": "lifespan", "line": 19}
{"timestamp": "2026-04-24T17:19:08.546557", "level": "INFO", "logger": "rag_system", "message": "Database tables created.", "module": "main", "function": "lifespan", "line": 21}
{"timestamp": "2026-04-24T17:19:35.799457", "level": "INFO", "logger": "rag_system", "message": "{'method': 'POST', 'path': '/api/auth/login', 'status_code': 200, 'process_time_ms': 253.04}", "module": "monitoring", "function": "dispatch", "line": 18}
{"timestamp": "2026-04-24T17:19:48.980079", "level": "INFO", "logger": "rag_system", "message": "{'method': 'POST', 'path': '/api/documents/upload', 'status_code': 200, 'process_time_ms': 2220.61}", "module": "monitoring", "function": "dispatch", "line": 18}
{"timestamp": "2026-04-24T17:21:29.908713", "level": "INFO", "logger": "rag_system", "message": "{'method': 'POST', 'path': '/api/chat/query', 'status_code': 200, 'process_time_ms': 91307.49}", "module": "monitoring", "function": "dispatch", "line": 18}
{"timestamp": "2026-04-25T10:43:00.759970", "level": "INFO", "logger": "rag_system", "message": "Creating database tables...", "module": "main", "function": "lifespan", "line": 19}
{"timestamp": "2026-04-25T10:43:00.828592", "level": "INFO", "logger": "rag_system", "message": "Database tables created.", "module": "main", "function": "lifespan", "line": 21}
{"timestamp": "2026-04-25T10:45:41.999423", "level": "INFO", "logger": "rag_system", "message": "{'method': 'POST', 'path': '/api/auth/login', 'status_code': 200, 'process_time_ms': 252.41}", "module": "monitoring", "function": "dispatch", "line": 18}
{"timestamp": "2026-04-25T10:46:09.038267", "level": "INFO", "logger": "rag_system", "message": "{'method': 'POST', 'path': '/api/documents/upload', 'status_code': 200, 'process_time_ms': 2478.09}", "module": "monitoring", "function": "dispatch", "line": 18}
{"timestamp": "2026-04-25T10:47:53.414594", "level": "INFO", "logger": "rag_system", "message": "{'method': 'POST', 'path': '/api/chat/query', 'status_code': 200, 'process_time_ms': 91210.39}", "module": "monitoring", "function": "dispatch", "line": 18}
{"timestamp": "2026-04-25T10:51:39.241581", "level": "INFO", "logger": "rag_system", "message": "Creating database tables...", "module": "main", "function": "lifespan", "line": 19}
{"timestamp": "2026-04-25T10:51:39.261796", "level": "INFO", "logger": "rag_system", "message": "Database tables created.", "module": "main", "function": "lifespan", "line": 21}
{"timestamp": "2026-04-25T10:56:15.011959", "level": "INFO", "logger": "rag_system", "message": "Creating database tables...", "module": "main", "function": "lifespan", "line": 19}
{"timestamp": "2026-04-25T10:56:15.027296", "level": "INFO", "logger": "rag_system", "message": "Database tables created.", "module": "main", "function": "lifespan", "line": 21}
{"timestamp": "2026-04-25T10:57:33.535059", "level": "INFO", "logger": "rag_system", "message": "{'method': 'POST', 'path': '/api/auth/login', 'status_code': 200, 'process_time_ms': 248.03}", "module": "monitoring", "function": "dispatch", "line": 18}
{"timestamp": "2026-04-25T10:58:10.770221", "level": "INFO", "logger": "rag_system", "message": "{'method': 'POST', 'path': '/api/documents/upload', 'status_code': 200, 'process_time_ms': 1557.61}", "module": "monitoring", "function": "dispatch", "line": 18}
{"timestamp": "2026-04-25T11:00:30.632213", "level": "INFO", "logger": "rag_system", "message": "{'method': 'POST', 'path': '/api/chat/query', 'status_code': 200, 'process_time_ms': 120773.57}", "module": "monitoring", "function": "dispatch", "line": 18}
{"timestamp": "2026-04-25T11:04:24.713009", "level": "INFO", "logger": "rag_system", "message": "Creating database tables...", "module": "main", "function": "lifespan", "line": 19}
{"timestamp": "2026-04-25T11:04:24.777376", "level": "INFO", "logger": "rag_system", "message": "Database tables created.", "module": "main", "function": "lifespan", "line": 21}
{"timestamp": "2026-04-25T11:04:45.493375", "level": "INFO", "logger": "rag_system", "message": "Creating database tables...", "module": "main", "function": "lifespan", "line": 19}
{"timestamp": "2026-04-25T11:04:45.526705", "level": "INFO", "logger": "rag_system", "message": "Database tables created.", "module": "main", "function": "lifespan", "line": 21}
{"timestamp": "2026-04-25T11:06:23.768975", "level": "INFO", "logger": "rag_system", "message": "{'method': 'POST', 'path': '/api/auth/login', 'status_code': 200, 'process_time_ms': 245.9}", "module": "monitoring", "function": "dispatch", "line": 18}
{"timestamp": "2026-04-25T11:06:33.513078", "level": "INFO", "logger": "rag_system", "message": "{'method': 'POST', 'path': '/api/documents/upload', 'status_code': 200, 'process_time_ms': 1644.45}", "module": "monitoring", "function": "dispatch", "line": 18}
{"timestamp": "2026-04-25T11:07:01.601338", "level": "INFO", "logger": "rag_system", "message": "{'method': 'POST', 'path': '/api/chat/query', 'status_code': 200, 'process_time_ms': 16158.91}", "module": "monitoring", "function": "dispatch", "line": 18}
{"timestamp": "2026-04-25T11:09:56.617787", "level": "INFO", "logger": "rag_system", "message": "Creating database tables...", "module": "main", "function": "lifespan", "line": 19}
{"timestamp": "2026-04-25T11:09:56.634733", "level": "INFO", "logger": "rag_system", "message": "Database tables created.", "module": "main", "function": "lifespan", "line": 21}
{"timestamp": "2026-04-25T11:10:05.256029", "level": "INFO", "logger": "rag_system", "message": "Creating database tables...", "module": "main", "function": "lifespan", "line": 19}
{"timestamp": "2026-04-25T11:10:05.279077", "level": "INFO", "logger": "rag_system", "message": "Database tables created.", "module": "main", "function": "lifespan", "line": 21}
{"timestamp": "2026-04-25T11:10:41.778135", "level": "INFO", "logger": "rag_system", "message": "{'method': 'POST', 'path': '/api/auth/login', 'status_code': 200, 'process_time_ms': 245.58}", "module": "monitoring", "function": "dispatch", "line": 18}
{"timestamp": "2026-04-25T11:11:12.172762", "level": "INFO", "logger": "rag_system", "message": "{'method': 'POST', 'path': '/api/documents/upload', 'status_code': 200, 'process_time_ms': 1597.37}", "module": "monitoring", "function": "dispatch", "line": 18}
{"timestamp": "2026-04-25T11:12:38.562319", "level": "INFO", "logger": "rag_system", "message": "{'method': 'POST', 'path': '/api/chat/query', 'status_code': 200, 'process_time_ms': 65601.82}", "module": "monitoring", "function": "dispatch", "line": 18}
{"timestamp": "2026-04-25T11:15:22.270827", "level": "INFO", "logger": "rag_system", "message": "Creating database tables...", "module": "main", "function": "lifespan", "line": 19}
{"timestamp": "2026-04-25T11:15:22.291942", "level": "INFO", "logger": "rag_system", "message": "Database tables created.", "module": "main", "function": "lifespan", "line": 21}
{"timestamp": "2026-04-25T11:15:36.397724", "level": "INFO", "logger": "rag_system", "message": "Creating database tables...", "module": "main", "function": "lifespan", "line": 19}
{"timestamp": "2026-04-25T11:15:36.407290", "level": "INFO", "logger": "rag_system", "message": "Database tables created.", "module": "main", "function": "lifespan", "line": 21}
{"timestamp": "2026-04-25T11:58:57.874377", "level": "INFO", "logger": "rag_system", "message": "{'method': 'POST', 'path': '/api/auth/login', 'status_code': 200, 'process_time_ms': 238.18}", "module": "monitoring", "function": "dispatch", "line": 18}
{"timestamp": "2026-04-25T11:59:07.847837", "level": "INFO", "logger": "rag_system", "message": "{'method': 'POST', 'path': '/api/documents/upload', 'status_code': 200, 'process_time_ms': 1488.46}", "module": "monitoring", "function": "dispatch", "line": 18}
{"timestamp": "2026-04-25T12:00:34.830317", "level": "INFO", "logger": "rag_system", "message": "{'method': 'POST', 'path': '/api/chat/query', 'status_code': 200, 'process_time_ms': 67757.62}", "module": "monitoring", "function": "dispatch", "line": 18}
{"timestamp": "2026-04-25T21:06:30.020341", "level": "INFO", "logger": "rag_system", "message": "{'method': 'POST', 'path': '/api/auth/login', 'status_code': 200, 'process_time_ms': 261.59}", "module": "monitoring", "function": "dispatch", "line": 18}
{"timestamp": "2026-04-25T21:06:43.004484", "level": "INFO", "logger": "rag_system", "message": "{'method': 'POST', 'path': '/api/documents/upload', 'status_code': 200, 'process_time_ms': 1660.24}", "module": "monitoring", "function": "dispatch", "line": 18}
{"timestamp": "2026-04-25T21:08:12.928104", "level": "INFO", "logger": "rag_system", "message": "{'method': 'POST', 'path': '/api/chat/query', 'status_code': 200, 'process_time_ms': 68503.99}", "module": "monitoring", "function": "dispatch", "line": 18}
{"timestamp": "2026-04-25T21:08:57.842352", "level": "INFO", "logger": "rag_system", "message": "Creating database tables...", "module": "main", "function": "lifespan", "line": 19}
{"timestamp": "2026-04-25T21:08:57.872100", "level": "INFO", "logger": "rag_system", "message": "Database tables created.", "module": "main", "function": "lifespan", "line": 21}
{"timestamp": "2026-04-25T21:09:39.497891", "level": "INFO", "logger": "rag_system", "message": "Creating database tables...", "module": "main", "function": "lifespan", "line": 19}
{"timestamp": "2026-04-25T21:09:39.514802", "level": "INFO", "logger": "rag_system", "message": "Database tables created.", "module": "main", "function": "lifespan", "line": 21}
{"timestamp": "2026-04-25T21:10:37.549143", "level": "INFO", "logger": "rag_system", "message": "Creating database tables...", "module": "main", "function": "lifespan", "line": 19}
{"timestamp": "2026-04-25T21:10:37.561002", "level": "INFO", "logger": "rag_system", "message": "Database tables created.", "module": "main", "function": "lifespan", "line": 21}
{"timestamp": "2026-04-25T21:12:12.775255", "level": "INFO", "logger": "rag_system", "message": "{'method': 'POST', 'path': '/api/auth/login', 'status_code': 200, 'process_time_ms': 238.26}", "module": "monitoring", "function": "dispatch", "line": 18}
{"timestamp": "2026-04-25T21:12:21.645692", "level": "INFO", "logger": "rag_system", "message": "{'method': 'POST', 'path': '/api/documents/upload', 'status_code': 200, 'process_time_ms': 1668.41}", "module": "monitoring", "function": "dispatch", "line": 18}
{"timestamp": "2026-04-25T21:12:37.519365", "level": "INFO", "logger": "rag_system", "message": "{'method': 'POST', 'path': '/api/chat/query', 'status_code': 200, 'process_time_ms': 2248.62}", "module": "monitoring", "function": "dispatch", "line": 18}
{"timestamp": "2026-04-25T21:17:02.639309", "level": "INFO", "logger": "rag_system", "message": "Creating database tables...", "module": "main", "function": "lifespan", "line": 19}
{"timestamp": "2026-04-25T21:17:02.654466", "level": "INFO", "logger": "rag_system", "message": "Database tables created.", "module": "main", "function": "lifespan", "line": 21}
{"timestamp": "2026-04-25T21:18:19.390470", "level": "INFO", "logger": "rag_system", "message": "Creating database tables...", "module": "main", "function": "lifespan", "line": 19}
{"timestamp": "2026-04-25T21:18:19.432220", "level": "INFO", "logger": "rag_system", "message": "Database tables created.", "module": "main", "function": "lifespan", "line": 21}
{"timestamp": "2026-04-25T21:18:49.879099", "level": "INFO", "logger": "rag_system", "message": "{'method': 'POST', 'path': '/api/auth/login', 'status_code': 200, 'process_time_ms': 238.12}", "module": "monitoring", "function": "dispatch", "line": 18}
{"timestamp": "2026-04-25T21:22:32.809281", "level": "INFO", "logger": "rag_system", "message": "Creating database tables...", "module": "main", "function": "lifespan", "line": 19}
{"timestamp": "2026-04-25T21:22:32.836327", "level": "INFO", "logger": "rag_system", "message": "Database tables created.", "module": "main", "function": "lifespan", "line": 21}
{"timestamp": "2026-04-25T21:23:00.238024", "level": "INFO", "logger": "rag_system", "message": "{'method': 'POST', 'path': '/api/auth/login', 'status_code': 200, 'process_time_ms': 242.89}", "module": "monitoring", "function": "dispatch", "line": 18}
{"timestamp": "2026-04-25T21:23:21.165640", "level": "INFO", "logger": "rag_system", "message": "{'method': 'POST', 'path': '/api/chat/query', 'status_code': 200, 'process_time_ms': 2796.65}", "module": "monitoring", "function": "dispatch", "line": 18}
{"timestamp": "2026-04-25T21:23:32.101630", "level": "INFO", "logger": "rag_system", "message": "{'method': 'POST', 'path': '/api/documents/upload', 'status_code': 200, 'process_time_ms': 4034.65}", "module": "monitoring", "function": "dispatch", "line": 18}
{"timestamp": "2026-04-25T21:23:42.635862", "level": "INFO", "logger": "rag_system", "message": "{'method': 'POST', 'path': '/api/chat/query', 'status_code': 200, 'process_time_ms': 3309.23}", "module": "monitoring", "function": "dispatch", "line": 18}
{"timestamp": "2026-04-25T21:41:54.336966", "level": "INFO", "logger": "rag_system", "message": "Creating database tables...", "module": "main", "function": "lifespan", "line": 19}
{"timestamp": "2026-04-25T21:41:54.384536", "level": "INFO", "logger": "rag_system", "message": "Database tables created.", "module": "main", "function": "lifespan", "line": 21}
{"timestamp": "2026-04-25T21:47:34.399950", "level": "INFO", "logger": "rag_system", "message": "Creating database tables...", "module": "main", "function": "lifespan", "line": 19}
{"timestamp": "2026-04-25T21:47:34.438164", "level": "INFO", "logger": "rag_system", "message": "Database tables created.", "module": "main", "function": "lifespan", "line": 21}
{"timestamp": "2026-04-25T21:50:36.124189", "level": "INFO", "logger": "rag_system", "message": "{'method': 'POST', 'path': '/api/auth/login', 'status_code': 200, 'process_time_ms': 254.2}", "module": "monitoring", "function": "dispatch", "line": 18}
{"timestamp": "2026-04-25T21:50:36.142416", "level": "INFO", "logger": "rag_system", "message": "{'method': 'GET', 'path': '/api/documents/collections', 'status_code': 200, 'process_time_ms': 5.71}", "module": "monitoring", "function": "dispatch", "line": 18}
{"timestamp": "2026-04-25T21:51:25.079238", "level": "INFO", "logger": "rag_system", "message": "{'method': 'GET', 'path': '/api/documents/collections', 'status_code': 200, 'process_time_ms': 24.47}", "module": "monitoring", "function": "dispatch", "line": 18}
{"timestamp": "2026-04-25T21:51:26.140266", "level": "INFO", "logger": "rag_system", "message": "{'method': 'GET', 'path': '/api/documents/collections', 'status_code': 200, 'process_time_ms': 2.43}", "module": "monitoring", "function": "dispatch", "line": 18}
{"timestamp": "2026-04-25T21:51:28.334347", "level": "INFO", "logger": "rag_system", "message": "{'method': 'GET', 'path': '/api/documents/collections', 'status_code': 200, 'process_time_ms': 4.2}", "module": "monitoring", "function": "dispatch", "line": 18}
{"timestamp": "2026-04-25T21:52:36.326013", "level": "INFO", "logger": "rag_system", "message": "{'method': 'GET', 'path': '/api/documents/collections', 'status_code': 200, 'process_time_ms': 144.97}", "module": "monitoring", "function": "dispatch", "line": 18}
{"timestamp": "2026-04-25T21:52:42.298943", "level": "INFO", "logger": "rag_system", "message": "{'method': 'GET', 'path': '/api/documents/collections', 'status_code': 200, 'process_time_ms': 14.16}", "module": "monitoring", "function": "dispatch", "line": 18}
{"timestamp": "2026-04-25T21:52:43.590189", "level": "INFO", "logger": "rag_system", "message": "{'method': 'GET', 'path': '/api/documents/collections', 'status_code': 200, 'process_time_ms': 4.39}", "module": "monitoring", "function": "dispatch", "line": 18}
{"timestamp": "2026-04-25T21:52:45.346241", "level": "INFO", "logger": "rag_system", "message": "{'method': 'POST', 'path': '/api/documents/upload', 'status_code': 200, 'process_time_ms': 1747.89}", "module": "monitoring", "function": "dispatch", "line": 18}
{"timestamp": "2026-04-25T21:52:45.358955", "level": "INFO", "logger": "rag_system", "message": "{'method': 'GET', 'path': '/api/documents/collections', 'status_code': 200, 'process_time_ms': 1.28}", "module": "monitoring", "function": "dispatch", "line": 18}
{"timestamp": "2026-04-25T21:52:48.777679", "level": "INFO", "logger": "rag_system", "message": "{'method': 'GET', 'path': '/api/documents/collections', 'status_code': 200, 'process_time_ms': 5.02}", "module": "monitoring", "function": "dispatch", "line": 18}
{"timestamp": "2026-04-25T21:52:49.678915", "level": "INFO", "logger": "rag_system", "message": "{'method': 'POST', 'path': '/api/documents/upload', 'status_code': 200, 'process_time_ms': 894.59}", "module": "monitoring", "function": "dispatch", "line": 18}
{"timestamp": "2026-04-25T21:52:49.691163", "level": "INFO", "logger": "rag_system", "message": "{'method': 'GET', 'path': '/api/documents/collections', 'status_code': 200, 'process_time_ms': 1.2}", "module": "monitoring", "function": "dispatch", "line": 18}
{"timestamp": "2026-04-25T21:52:49.774837", "level": "INFO", "logger": "rag_system", "message": "{'method': 'GET', 'path': '/api/documents/collections', 'status_code': 200, 'process_time_ms': 3.2}", "module": "monitoring", "function": "dispatch", "line": 18}
{"timestamp": "2026-04-25T21:52:50.660265", "level": "INFO", "logger": "rag_system", "message": "{'method': 'POST', 'path': '/api/documents/upload', 'status_code': 200, 'process_time_ms': 880.33}", "module": "monitoring", "function": "dispatch", "line": 18}
{"timestamp": "2026-04-25T21:52:50.663239", "level": "INFO", "logger": "rag_system", "message": "{'method': 'GET', 'path': '/api/documents/collections', 'status_code': 200, 'process_time_ms': 2.44}", "module": "monitoring", "function": "dispatch", "line": 18}
{"timestamp": "2026-04-25T21:52:51.551776", "level": "INFO", "logger": "rag_system", "message": "{'method': 'POST', 'path': '/api/documents/upload', 'status_code': 200, 'process_time_ms': 874.95}", "module": "monitoring", "function": "dispatch", "line": 18}
{"timestamp": "2026-04-25T21:52:51.570010", "level": "INFO", "logger": "rag_system", "message": "{'method': 'GET', 'path': '/api/documents/collections', 'status_code': 200, 'process_time_ms': 2.7}", "module": "monitoring", "function": "dispatch", "line": 18}
{"timestamp": "2026-04-25T21:52:52.822312", "level": "INFO", "logger": "rag_system", "message": "{'method': 'GET', 'path': '/api/documents/collections', 'status_code': 200, 'process_time_ms': 7.28}", "module": "monitoring", "function": "dispatch", "line": 18}
{"timestamp": "2026-04-25T21:52:53.696265", "level": "INFO", "logger": "rag_system", "message": "{'method': 'POST', 'path': '/api/documents/upload', 'status_code': 200, 'process_time_ms': 865.82}", "module": "monitoring", "function": "dispatch", "line": 18}
{"timestamp": "2026-04-25T21:52:53.713121", "level": "INFO", "logger": "rag_system", "message": "{'method': 'GET', 'path': '/api/documents/collections', 'status_code': 200, 'process_time_ms': 1.67}", "module": "monitoring", "function": "dispatch", "line": 18}
{"timestamp": "2026-04-25T21:53:22.997023", "level": "INFO", "logger": "rag_system", "message": "{'method': 'GET', 'path': '/api/documents/collections', 'status_code': 200, 'process_time_ms': 30.28}", "module": "monitoring", "function": "dispatch", "line": 18}
{"timestamp": "2026-04-25T21:53:23.924900", "level": "INFO", "logger": "rag_system", "message": "{'method': 'POST', 'path': '/api/documents/upload', 'status_code': 200, 'process_time_ms': 902.89}", "module": "monitoring", "function": "dispatch", "line": 18}
{"timestamp": "2026-04-25T21:53:23.953182", "level": "INFO", "logger": "rag_system", "message": "{'method': 'GET', 'path': '/api/documents/collections', 'status_code': 200, 'process_time_ms': 1.54}", "module": "monitoring", "function": "dispatch", "line": 18}
{"timestamp": "2026-04-25T21:54:23.447783", "level": "INFO", "logger": "rag_system", "message": "{'method': 'GET', 'path': '/api/documents/collections', 'status_code': 200, 'process_time_ms': 18.24}", "module": "monitoring", "function": "dispatch", "line": 18}
{"timestamp": "2026-04-25T21:54:29.301033", "level": "INFO", "logger": "rag_system", "message": "{'method': 'GET', 'path': '/api/documents/collections', 'status_code': 200, 'process_time_ms': 3.09}", "module": "monitoring", "function": "dispatch", "line": 18}
{"timestamp": "2026-04-25T21:54:30.309082", "level": "INFO", "logger": "rag_system", "message": "{'method': 'GET', 'path': '/api/documents/collections', 'status_code': 200, 'process_time_ms': 36.01}", "module": "monitoring", "function": "dispatch", "line": 18}
{"timestamp": "2026-04-25T21:54:31.249289", "level": "INFO", "logger": "rag_system", "message": "{'method': 'POST', 'path': '/api/documents/upload', 'status_code': 200, 'process_time_ms': 933.73}", "module": "monitoring", "function": "dispatch", "line": 18}
{"timestamp": "2026-04-25T21:54:31.270306", "level": "INFO", "logger": "rag_system", "message": "{'method': 'GET', 'path': '/api/documents/collections', 'status_code': 200, 'process_time_ms': 1.38}", "module": "monitoring", "function": "dispatch", "line": 18}
{"timestamp": "2026-04-25T21:54:46.179215", "level": "INFO", "logger": "rag_system", "message": "{'method': 'GET', 'path': '/api/documents/collections', 'status_code': 200, 'process_time_ms': 8.98}", "module": "monitoring", "function": "dispatch", "line": 18}
{"timestamp": "2026-04-25T21:54:46.778841", "level": "INFO", "logger": "rag_system", "message": "{'method': 'POST', 'path': '/api/chat/query/stream', 'status_code': 200, 'process_time_ms': 587.27}", "module": "monitoring", "function": "dispatch", "line": 18}
{"timestamp": "2026-04-25T22:07:24.077314", "level": "INFO", "logger": "rag_system", "message": "Creating database tables...", "module": "main", "function": "lifespan", "line": 19}
{"timestamp": "2026-04-25T22:07:24.141101", "level": "INFO", "logger": "rag_system", "message": "Database tables created.", "module": "main", "function": "lifespan", "line": 21}
{"timestamp": "2026-04-25T22:08:50.144261", "level": "INFO", "logger": "rag_system", "message": "{'method': 'POST', 'path': '/api/auth/login', 'status_code': 200, 'process_time_ms': 371.33}", "module": "monitoring", "function": "dispatch", "line": 18}
{"timestamp": "2026-04-25T22:08:50.165260", "level": "INFO", "logger": "rag_system", "message": "{'method': 'GET', 'path': '/api/documents/collections', 'status_code': 200, 'process_time_ms': 4.71}", "module": "monitoring", "function": "dispatch", "line": 18}
{"timestamp": "2026-04-25T22:09:23.032788", "level": "INFO", "logger": "rag_system", "message": "{'method': 'GET', 'path': '/api/documents/collections', 'status_code': 200, 'process_time_ms': 20.5}", "module": "monitoring", "function": "dispatch", "line": 18}
{"timestamp": "2026-04-25T22:09:24.497968", "level": "INFO", "logger": "rag_system", "message": "{'method': 'GET', 'path': '/api/documents/collections', 'status_code': 200, 'process_time_ms': 4.08}", "module": "monitoring", "function": "dispatch", "line": 18}
{"timestamp": "2026-04-25T22:09:27.398473", "level": "INFO", "logger": "rag_system", "message": "{'method': 'POST', 'path': '/api/documents/upload', 'status_code': 200, 'process_time_ms': 2883.7}", "module": "monitoring", "function": "dispatch", "line": 18}
{"timestamp": "2026-04-25T22:09:27.422843", "level": "INFO", "logger": "rag_system", "message": "{'method': 'GET', 'path': '/api/documents/collections', 'status_code': 200, 'process_time_ms': 6.83}", "module": "monitoring", "function": "dispatch", "line": 18}
{"timestamp": "2026-04-25T22:13:13.724259", "level": "INFO", "logger": "rag_system", "message": "{'method': 'GET', 'path': '/api/documents/collections', 'status_code': 200, 'process_time_ms': 24.62}", "module": "monitoring", "function": "dispatch", "line": 18}
{"timestamp": "2026-04-25T22:17:52.860276", "level": "INFO", "logger": "rag_system", "message": "{'method': 'GET', 'path': '/api/documents/collections', 'status_code': 200, 'process_time_ms': 20.46}", "module": "monitoring", "function": "dispatch", "line": 18}
{"timestamp": "2026-04-25T22:19:14.175934", "level": "INFO", "logger": "rag_system", "message": "{'method': 'GET', 'path': '/api/documents/collections', 'status_code': 200, 'process_time_ms': 35.19}", "module": "monitoring", "function": "dispatch", "line": 18}
{"timestamp": "2026-04-25T22:19:14.701997", "level": "INFO", "logger": "rag_system", "message": "{'method': 'GET', 'path': '/api/documents/collections', 'status_code': 200, 'process_time_ms': 4.68}", "module": "monitoring", "function": "dispatch", "line": 18}
{"timestamp": "2026-04-25T22:19:17.107479", "level": "INFO", "logger": "rag_system", "message": "{'method': 'POST', 'path': '/api/documents/upload', 'status_code': 200, 'process_time_ms': 2390.32}", "module": "monitoring", "function": "dispatch", "line": 18}
{"timestamp": "2026-04-25T22:19:17.121480", "level": "INFO", "logger": "rag_system", "message": "{'method': 'GET', 'path': '/api/documents/collections', 'status_code': 200, 'process_time_ms': 1.48}", "module": "monitoring", "function": "dispatch", "line": 18}
{"timestamp": "2026-04-25T22:19:30.367303", "level": "INFO", "logger": "rag_system", "message": "{'method': 'GET', 'path': '/api/documents/collections', 'status_code': 200, 'process_time_ms': 25.6}", "module": "monitoring", "function": "dispatch", "line": 18}
{"timestamp": "2026-04-25T22:19:30.971299", "level": "INFO", "logger": "rag_system", "message": "{'method': 'POST', 'path': '/api/chat/query/stream', 'status_code': 200, 'process_time_ms': 588.17}", "module": "monitoring", "function": "dispatch", "line": 18}
{"timestamp": "2026-04-25T22:19:37.598318", "level": "INFO", "logger": "rag_system", "message": "{'method': 'GET', 'path': '/api/documents/collections', 'status_code': 200, 'process_time_ms': 5.51}", "module": "monitoring", "function": "dispatch", "line": 18}
{"timestamp": "2026-04-25T22:19:39.872929", "level": "INFO", "logger": "rag_system", "message": "{'method': 'POST', 'path': '/api/documents/upload', 'status_code': 200, 'process_time_ms': 2260.12}", "module": "monitoring", "function": "dispatch", "line": 18}
{"timestamp": "2026-04-25T22:19:39.886317", "level": "INFO", "logger": "rag_system", "message": "{'method': 'GET', 'path': '/api/documents/collections', 'status_code': 200, 'process_time_ms': 1.3}", "module": "monitoring", "function": "dispatch", "line": 18}
{"timestamp": "2026-04-25T22:19:46.551324", "level": "INFO", "logger": "rag_system", "message": "{'method': 'GET', 'path': '/api/documents/collections', 'status_code': 200, 'process_time_ms': 23.38}", "module": "monitoring", "function": "dispatch", "line": 18}
{"timestamp": "2026-04-25T22:19:47.169919", "level": "INFO", "logger": "rag_system", "message": "{'method': 'POST', 'path': '/api/chat/query/stream', 'status_code': 200, 'process_time_ms': 596.5}", "module": "monitoring", "function": "dispatch", "line": 18}
{"timestamp": "2026-04-25T22:21:49.404504", "level": "INFO", "logger": "rag_system", "message": "Creating database tables...", "module": "main", "function": "lifespan", "line": 19}
{"timestamp": "2026-04-25T22:21:49.422340", "level": "INFO", "logger": "rag_system", "message": "Database tables created.", "module": "main", "function": "lifespan", "line": 21}
{"timestamp": "2026-04-25T22:23:20.938610", "level": "INFO", "logger": "rag_system", "message": "{'method': 'GET', 'path': '/api/documents/collections', 'status_code': 200, 'process_time_ms': 65.29}", "module": "monitoring", "function": "dispatch", "line": 18}
{"timestamp": "2026-04-25T22:23:32.419878", "level": "INFO", "logger": "rag_system", "message": "{'method': 'GET', 'path': '/api/documents/collections', 'status_code': 200, 'process_time_ms': 23.62}", "module": "monitoring", "function": "dispatch", "line": 18}
{"timestamp": "2026-04-25T22:23:33.207935", "level": "INFO", "logger": "rag_system", "message": "{'method': 'GET', 'path': '/api/documents/collections', 'status_code': 200, 'process_time_ms': 5.88}", "module": "monitoring", "function": "dispatch", "line": 18}
{"timestamp": "2026-04-25T22:23:35.733386", "level": "INFO", "logger": "rag_system", "message": "{'method': 'POST', 'path': '/api/documents/upload', 'status_code': 200, 'process_time_ms': 2475.22}", "module": "monitoring", "function": "dispatch", "line": 18}
{"timestamp": "2026-04-25T22:23:35.747575", "level": "INFO", "logger": "rag_system", "message": "{'method': 'GET', 'path': '/api/documents/collections', 'status_code': 200, 'process_time_ms': 1.59}", "module": "monitoring", "function": "dispatch", "line": 18}
{"timestamp": "2026-04-25T22:23:44.187193", "level": "INFO", "logger": "rag_system", "message": "{'method': 'GET', 'path': '/api/documents/collections', 'status_code': 200, 'process_time_ms': 26.38}", "module": "monitoring", "function": "dispatch", "line": 18}
{"timestamp": "2026-04-25T22:23:44.742888", "level": "INFO", "logger": "rag_system", "message": "{'method': 'POST', 'path': '/api/chat/query/stream', 'status_code': 200, 'process_time_ms': 544.98}", "module": "monitoring", "function": "dispatch", "line": 18}
{"timestamp": "2026-04-25T22:27:01.071138", "level": "INFO", "logger": "rag_system", "message": "Creating database tables...", "module": "main", "function": "lifespan", "line": 19}
{"timestamp": "2026-04-25T22:27:01.095072", "level": "INFO", "logger": "rag_system", "message": "Database tables created.", "module": "main", "function": "lifespan", "line": 21}
{"timestamp": "2026-04-25T22:54:17.244146", "level": "INFO", "logger": "rag_system", "message": "{'method': 'POST', 'path': '/api/auth/login', 'status_code': 200, 'process_time_ms': 718.08}", "module": "monitoring", "function": "dispatch", "line": 18}
{"timestamp": "2026-04-25T22:54:17.264878", "level": "INFO", "logger": "rag_system", "message": "{'method': 'GET', 'path': '/api/documents/collections', 'status_code': 200, 'process_time_ms': 6.07}", "module": "monitoring", "function": "dispatch", "line": 18}
{"timestamp": "2026-04-25T22:54:23.517280", "level": "INFO", "logger": "rag_system", "message": "{'method': 'GET', 'path': '/api/documents/collections', 'status_code': 200, 'process_time_ms': 3.06}", "module": "monitoring", "function": "dispatch", "line": 18}
{"timestamp": "2026-04-25T22:56:44.229150", "level": "INFO", "logger": "rag_system", "message": "{'method': 'GET', 'path': '/api/documents/collections', 'status_code': 200, 'process_time_ms': 36.13}", "module": "monitoring", "function": "dispatch", "line": 18}
{"timestamp": "2026-04-25T22:56:48.740980", "level": "INFO", "logger": "rag_system", "message": "{'method': 'GET', 'path': '/api/documents/collections', 'status_code': 200, 'process_time_ms': 4.95}", "module": "monitoring", "function": "dispatch", "line": 18}
{"timestamp": "2026-04-25T22:56:49.890168", "level": "INFO", "logger": "rag_system", "message": "{'method': 'GET', 'path': '/api/documents/collections', 'status_code': 200, 'process_time_ms': 17.11}", "module": "monitoring", "function": "dispatch", "line": 18}
{"timestamp": "2026-04-25T22:56:50.360696", "level": "INFO", "logger": "rag_system", "message": "{'method': 'GET', 'path': '/api/documents/collections', 'status_code': 200, 'process_time_ms': 3.88}", "module": "monitoring", "function": "dispatch", "line": 18}
{"timestamp": "2026-04-25T22:56:52.759773", "level": "INFO", "logger": "rag_system", "message": "{'method': 'GET', 'path': '/api/documents/collections', 'status_code': 200, 'process_time_ms': 2.24}", "module": "monitoring", "function": "dispatch", "line": 18}
{"timestamp": "2026-04-25T22:57:26.802684", "level": "INFO", "logger": "rag_system", "message": "{'method': 'GET', 'path': '/api/documents/collections', 'status_code': 200, 'process_time_ms': 17.98}", "module": "monitoring", "function": "dispatch", "line": 18}
{"timestamp": "2026-04-25T22:57:28.155851", "level": "INFO", "logger": "rag_system", "message": "{'method': 'GET', 'path': '/api/documents/collections', 'status_code': 200, 'process_time_ms': 2.82}", "module": "monitoring", "function": "dispatch", "line": 18}
{"timestamp": "2026-04-25T22:57:28.860734", "level": "INFO", "logger": "rag_system", "message": "{'method': 'GET', 'path': '/api/documents/collections', 'status_code': 200, 'process_time_ms': 2.83}", "module": "monitoring", "function": "dispatch", "line": 18}
{"timestamp": "2026-04-25T22:57:29.387665", "level": "INFO", "logger": "rag_system", "message": "{'method': 'GET', 'path': '/api/documents/collections', 'status_code': 200, 'process_time_ms': 2.27}", "module": "monitoring", "function": "dispatch", "line": 18}
{"timestamp": "2026-04-25T22:57:40.778070", "level": "INFO", "logger": "rag_system", "message": "{'method': 'GET', 'path': '/api/documents/collections', 'status_code': 200, 'process_time_ms': 12.9}", "module": "monitoring", "function": "dispatch", "line": 18}
{"timestamp": "2026-04-25T22:57:41.533985", "level": "INFO", "logger": "rag_system", "message": "{'method': 'GET', 'path': '/api/documents/collections', 'status_code': 200, 'process_time_ms': 2.76}", "module": "monitoring", "function": "dispatch", "line": 18}
{"timestamp": "2026-04-25T22:57:42.182969", "level": "INFO", "logger": "rag_system", "message": "{'method': 'GET', 'path': '/api/documents/collections', 'status_code': 200, 'process_time_ms': 2.21}", "module": "monitoring", "function": "dispatch", "line": 18}
{"timestamp": "2026-04-25T22:57:42.718853", "level": "INFO", "logger": "rag_system", "message": "{'method': 'GET', 'path': '/api/documents/collections', 'status_code': 200, 'process_time_ms': 2.44}", "module": "monitoring", "function": "dispatch", "line": 18}
{"timestamp": "2026-04-25T22:58:03.385160", "level": "INFO", "logger": "rag_system", "message": "{'method': 'GET', 'path': '/api/documents/collections', 'status_code': 200, 'process_time_ms': 19.99}", "module": "monitoring", "function": "dispatch", "line": 18}
{"timestamp": "2026-04-25T22:59:52.143418", "level": "INFO", "logger": "rag_system", "message": "{'method': 'GET', 'path': '/api/documents/collections', 'status_code': 200, 'process_time_ms': 24.62}", "module": "monitoring", "function": "dispatch", "line": 18}
{"timestamp": "2026-04-25T22:59:54.349785", "level": "INFO", "logger": "rag_system", "message": "{'method': 'GET', 'path': '/api/documents/collections', 'status_code': 200, 'process_time_ms': 4.38}", "module": "monitoring", "function": "dispatch", "line": 18}
{"timestamp": "2026-04-25T22:59:56.983379", "level": "INFO", "logger": "rag_system", "message": "{'method': 'GET', 'path': '/api/documents/collections', 'status_code': 200, 'process_time_ms': 2.34}", "module": "monitoring", "function": "dispatch", "line": 18}
{"timestamp": "2026-04-25T22:59:57.513648", "level": "INFO", "logger": "rag_system", "message": "{'method': 'GET', 'path': '/api/documents/collections', 'status_code': 200, 'process_time_ms': 3.23}", "module": "monitoring", "function": "dispatch", "line": 18}
{"timestamp": "2026-04-25T22:59:58.494983", "level": "INFO", "logger": "rag_system", "message": "{'method': 'GET', 'path': '/api/documents/collections', 'status_code': 200, 'process_time_ms': 1.28}", "module": "monitoring", "function": "dispatch", "line": 18}
{"timestamp": "2026-04-25T23:01:22.349475", "level": "INFO", "logger": "rag_system", "message": "{'method': 'GET', 'path': '/api/documents/collections', 'status_code': 200, 'process_time_ms': 19.16}", "module": "monitoring", "function": "dispatch", "line": 18}
{"timestamp": "2026-04-25T23:01:23.953196", "level": "INFO", "logger": "rag_system", "message": "{'method': 'GET', 'path': '/api/documents/collections', 'status_code': 200, 'process_time_ms': 4.1}", "module": "monitoring", "function": "dispatch", "line": 18}
{"timestamp": "2026-04-25T23:04:10.244981", "level": "INFO", "logger": "rag_system", "message": "{'method': 'GET', 'path': '/api/documents/collections', 'status_code': 200, 'process_time_ms': 27.84}", "module": "monitoring", "function": "dispatch", "line": 18}
{"timestamp": "2026-04-25T23:04:12.114912", "level": "INFO", "logger": "rag_system", "message": "{'method': 'GET', 'path': '/api/documents/collections', 'status_code': 200, 'process_time_ms': 2.66}", "module": "monitoring", "function": "dispatch", "line": 18}
{"timestamp": "2026-04-25T23:04:13.913505", "level": "INFO", "logger": "rag_system", "message": "{'method': 'GET', 'path': '/api/documents/collections', 'status_code': 200, 'process_time_ms': 2.31}", "module": "monitoring", "function": "dispatch", "line": 18}
{"timestamp": "2026-04-25T23:04:14.316908", "level": "INFO", "logger": "rag_system", "message": "{'method': 'GET', 'path': '/api/documents/collections', 'status_code': 200, 'process_time_ms': 2.08}", "module": "monitoring", "function": "dispatch", "line": 18}
{"timestamp": "2026-04-25T23:04:15.681426", "level": "INFO", "logger": "rag_system", "message": "{'method': 'GET', 'path': '/api/documents/collections', 'status_code': 200, 'process_time_ms': 2.43}", "module": "monitoring", "function": "dispatch", "line": 18}
{"timestamp": "2026-04-25T23:04:16.041496", "level": "INFO", "logger": "rag_system", "message": "{'method': 'GET', 'path': '/api/documents/collections', 'status_code': 200, 'process_time_ms': 2.06}", "module": "monitoring", "function": "dispatch", "line": 18}
{"timestamp": "2026-04-25T23:04:16.620894", "level": "INFO", "logger": "rag_system", "message": "{'method': 'GET', 'path': '/api/documents/collections', 'status_code': 200, 'process_time_ms': 2.32}", "module": "monitoring", "function": "dispatch", "line": 18}
{"timestamp": "2026-04-25T23:05:16.643836", "level": "INFO", "logger": "rag_system", "message": "{'method': 'GET', 'path': '/api/documents/collections', 'status_code': 200, 'process_time_ms': 13.38}", "module": "monitoring", "function": "dispatch", "line": 18}
{"timestamp": "2026-04-25T23:05:17.983884", "level": "INFO", "logger": "rag_system", "message": "{'method': 'GET', 'path': '/api/documents/collections', 'status_code': 200, 'process_time_ms': 4.56}", "module": "monitoring", "function": "dispatch", "line": 18}
{"timestamp": "2026-04-25T23:05:25.263843", "level": "INFO", "logger": "rag_system", "message": "{'method': 'GET', 'path': '/api/documents/collections', 'status_code': 200, 'process_time_ms': 4.34}", "module": "monitoring", "function": "dispatch", "line": 18}
{"timestamp": "2026-04-25T23:05:25.850643", "level": "INFO", "logger": "rag_system", "message": "{'method': 'GET', 'path': '/api/documents/collections', 'status_code': 200, 'process_time_ms': 1.93}", "module": "monitoring", "function": "dispatch", "line": 18}
{"timestamp": "2026-04-25T23:05:26.414677", "level": "INFO", "logger": "rag_system", "message": "{'method': 'GET', 'path': '/api/documents/collections', 'status_code': 200, 'process_time_ms': 10.16}", "module": "monitoring", "function": "dispatch", "line": 18}
{"timestamp": "2026-04-25T23:05:26.986166", "level": "INFO", "logger": "rag_system", "message": "{'method': 'GET', 'path': '/api/documents/collections', 'status_code': 200, 'process_time_ms': 2.27}", "module": "monitoring", "function": "dispatch", "line": 18}
{"timestamp": "2026-04-25T23:05:27.446734", "level": "INFO", "logger": "rag_system", "message": "{'method': 'GET', 'path': '/api/documents/collections', 'status_code': 200, 'process_time_ms': 2.54}", "module": "monitoring", "function": "dispatch", "line": 18}
{"timestamp": "2026-04-25T23:05:28.746137", "level": "INFO", "logger": "rag_system", "message": "{'method': 'GET', 'path': '/api/documents/collections', 'status_code': 200, 'process_time_ms': 3.91}", "module": "monitoring", "function": "dispatch", "line": 18}
{"timestamp": "2026-04-26T16:20:15.693570", "level": "INFO", "logger": "rag_system", "message": "{'method': 'POST', 'path': '/api/auth/login', 'status_code': 200, 'process_time_ms': 261.44}", "module": "monitoring", "function": "dispatch", "line": 18}
{"timestamp": "2026-04-26T16:20:15.714763", "level": "INFO", "logger": "rag_system", "message": "{'method': 'GET', 'path': '/api/documents/collections', 'status_code': 200, 'process_time_ms': 2.19}", "module": "monitoring", "function": "dispatch", "line": 18}
{"timestamp": "2026-04-26T17:12:41.683052", "level": "INFO", "logger": "rag_system", "message": "Creating database tables...", "module": "main", "function": "lifespan", "line": 19}
{"timestamp": "2026-04-26T17:12:41.744041", "level": "INFO", "logger": "rag_system", "message": "Database tables created.", "module": "main", "function": "lifespan", "line": 21}
{"timestamp": "2026-04-26T17:12:48.298444", "level": "INFO", "logger": "rag_system", "message": "Creating database tables...", "module": "main", "function": "lifespan", "line": 19}
{"timestamp": "2026-04-26T17:12:48.337361", "level": "INFO", "logger": "rag_system", "message": "Database tables created.", "module": "main", "function": "lifespan", "line": 21}
